2026-06-06 15:28:53,029 [INFO] Activator:176 - 


2026-06-06 15:28:53,031 [INFO] Activator:177 - !SESSION log4j initialized
2026-06-06 15:28:55,263 [INFO] LogOutputStream:77 - [STDOUT_REDIRECT] 
2026-06-06 15:28:57,360 [INFO] ApplicationProperties:184 - Using Application install path: C:\ST\STM32CubeIDE_1.19.0\STM32CubeIDE\plugins\com.st.stm32cube.common.mx_6.15.0.202507011659
2026-06-06 15:28:57,375 [INFO] DbMcusXml:78 - Set database path to: C:\ST\STM32CubeIDE_1.19.0\STM32CubeIDE\plugins\com.st.stm32cube.common.mx_6.15.0.202507011659\\db\/mcu/
2026-06-06 15:28:57,375 [INFO] ApiDb:274 - Set plugin database path to: C:\ST\STM32CubeIDE_1.19.0\STM32CubeIDE\plugins\com.st.stm32cube.common.mx_6.15.0.202507011659\\db\/plugins/boardmanager/
2026-06-06 15:28:57,376 [WARN] ApiDb:259 - Overriding images path with different value:  => C:\ST\STM32CubeIDE_1.19.0\STM32CubeIDE\plugins\com.st.stm32cube.common.mx_6.15.0.202507011659\\db\/plugins/mcufinder/images/
2026-06-06 15:28:57,380 [INFO] ApiDb:250 - Set database path to: C:\Users\audou\.stmcufinder\plugins\mcufinder//mcu/
2026-06-06 15:28:57,382 [INFO] DbMcusAds:125 - Set database path to: C:\Users\audou\.stmcufinder\plugins\mcufinder//mcu/
2026-06-06 15:28:57,384 [INFO] CrossReferenceDbSqlite:203 - Set database path to: C:\Users\audou\.stmcufinder\plugins\mcufinder//mcu/cs/
2026-06-06 15:28:57,485 [INFO] RulesReader:64 - Compatibility file has been processed (317 Rules)
2026-06-06 15:28:57,562 [INFO] DbMcusXml:78 - Set database path to: C:\ST\STM32CubeIDE_1.19.0\STM32CubeIDE\plugins\com.st.stm32cube.common.mx_6.15.0.202507011659\\db\/mcu/
2026-06-06 15:28:57,562 [INFO] ApiDb:274 - Set plugin database path to: C:\ST\STM32CubeIDE_1.19.0\STM32CubeIDE\plugins\com.st.stm32cube.common.mx_6.15.0.202507011659\\db\/plugins/boardmanager/
2026-06-06 15:28:57,562 [INFO] ApiDb:261 - Set plugin images path to: C:\ST\STM32CubeIDE_1.19.0\STM32CubeIDE\plugins\com.st.stm32cube.common.mx_6.15.0.202507011659\\db\/plugins/mcufinder/images/
2026-06-06 15:28:57,563 [WARN] DbFile:41 - Overriding database path with different value: C:\Users\audou\.stmcufinder\plugins\mcufinder/ => C:\Users\audou\.stmcufinder\plugins\mcufinder
2026-06-06 15:28:57,563 [INFO] ApiDb:250 - Set database path to: C:\Users\audou\.stmcufinder\plugins\mcufinder//mcu/
2026-06-06 15:28:57,563 [WARN] DbFile:41 - Overriding database path with different value: C:\Users\audou\.stmcufinder\plugins\mcufinder/ => C:\Users\audou\.stmcufinder\plugins\mcufinder
2026-06-06 15:28:57,563 [INFO] DbMcusAds:125 - Set database path to: C:\Users\audou\.stmcufinder\plugins\mcufinder//mcu/
2026-06-06 15:28:57,563 [WARN] DbFile:41 - Overriding database path with different value: C:\Users\audou\.stmcufinder\plugins\mcufinder/ => C:\Users\audou\.stmcufinder\plugins\mcufinder
2026-06-06 15:28:57,563 [WARN] DbFile:41 - Overriding database path with different value: C:\Users\audou\.stmcufinder\plugins\mcufinder/ => C:\Users\audou\.stmcufinder\plugins\mcufinder
2026-06-06 15:28:57,563 [INFO] CrossReferenceDbSqlite:203 - Set database path to: C:\Users\audou\.stmcufinder\plugins\mcufinder//mcu/cs/
2026-06-06 15:28:57,631 [INFO] MainPanel:274 - HeapMemory: 268435456
2026-06-06 15:28:57,703 [INFO] DbMcusXml:78 - Set database path to: C:\ST\STM32CubeIDE_1.19.0\STM32CubeIDE\plugins\com.st.stm32cube.common.mx_6.15.0.202507011659\\db\/mcu/
2026-06-06 15:28:57,703 [INFO] ApiDb:274 - Set plugin database path to: C:\ST\STM32CubeIDE_1.19.0\STM32CubeIDE\plugins\com.st.stm32cube.common.mx_6.15.0.202507011659\\db\/plugins/boardmanager/
2026-06-06 15:28:57,703 [INFO] ApiDb:261 - Set plugin images path to: C:\ST\STM32CubeIDE_1.19.0\STM32CubeIDE\plugins\com.st.stm32cube.common.mx_6.15.0.202507011659\\db\/plugins/mcufinder/images/
2026-06-06 15:28:57,703 [WARN] DbFile:41 - Overriding database path with different value: C:\Users\audou\.stmcufinder\plugins\mcufinder/ => C:\Users\audou\.stmcufinder\plugins\mcufinder
2026-06-06 15:28:57,703 [INFO] ApiDb:250 - Set database path to: C:\Users\audou\.stmcufinder\plugins\mcufinder//mcu/
2026-06-06 15:28:57,703 [WARN] DbFile:41 - Overriding database path with different value: C:\Users\audou\.stmcufinder\plugins\mcufinder/ => C:\Users\audou\.stmcufinder\plugins\mcufinder
2026-06-06 15:28:57,703 [INFO] DbMcusAds:125 - Set database path to: C:\Users\audou\.stmcufinder\plugins\mcufinder//mcu/
2026-06-06 15:28:57,704 [WARN] DbFile:41 - Overriding database path with different value: C:\Users\audou\.stmcufinder\plugins\mcufinder/ => C:\Users\audou\.stmcufinder\plugins\mcufinder
2026-06-06 15:28:57,704 [WARN] DbFile:41 - Overriding database path with different value: C:\Users\audou\.stmcufinder\plugins\mcufinder/ => C:\Users\audou\.stmcufinder\plugins\mcufinder
2026-06-06 15:28:57,704 [INFO] CrossReferenceDbSqlite:203 - Set database path to: C:\Users\audou\.stmcufinder\plugins\mcufinder//mcu/cs/
2026-06-06 15:28:57,722 [INFO] ApplicationProperties:184 - Using Application install path: C:\ST\STM32CubeIDE_1.19.0\STM32CubeIDE\plugins\com.st.stm32cube.common.mx_6.15.0.202507011659
2026-06-06 15:28:57,723 [INFO] PluginManage:196 - Search for loadable plugins [exclusion list=, ]
2026-06-06 15:28:57,725 [INFO] PluginManage:310 - Check plugin analytics
2026-06-06 15:28:57,913 [INFO] AnalyticsPlugin:253 - Accepted Software Licenses: 
2026-06-06 15:28:57,913 [INFO] AnalyticsPlugin:255 - Accepted CMSIS Pack Licenses: 
2026-06-06 15:28:57,913 [INFO] AnalyticsPlugin:257 - Accepted Firmware Licenses: 
2026-06-06 15:28:57,917 [INFO] PluginManage:359 - Loaded plugin analytics (category:tool,tabindex:-1)
2026-06-06 15:28:57,917 [INFO] PluginManage:310 - Check plugin cadmodel
2026-06-06 15:28:57,922 [INFO] CADModel:105 - Init CAD model plugin
2026-06-06 15:28:57,922 [INFO] PluginManage:359 - Loaded plugin cadmodel (category:power,tabindex:5)
2026-06-06 15:28:57,922 [INFO] PluginManage:310 - Check plugin clock
2026-06-06 15:28:57,933 [INFO] PluginManage:359 - Loaded plugin clock (category:base,tabindex:2)
2026-06-06 15:28:57,933 [INFO] PluginManage:310 - Check plugin ddr
2026-06-06 15:28:57,935 [INFO] PluginManage:359 - Loaded plugin ddr (category:tool,tabindex:6)
2026-06-06 15:28:57,935 [INFO] PluginManage:310 - Check plugin filemanager
2026-06-06 15:28:58,105 [INFO] PluginManage:359 - Loaded plugin filemanager (category:base,tabindex:10)
2026-06-06 15:28:58,106 [INFO] PluginManage:310 - Check plugin ipmanager
2026-06-06 15:28:58,113 [INFO] PluginManage:359 - Loaded plugin ipmanager (category:base,tabindex:5)
2026-06-06 15:28:58,113 [INFO] PluginManage:310 - Check plugin lpbam
2026-06-06 15:28:58,121 [INFO] PluginManage:359 - Loaded plugin lpbam (category:base,tabindex:0)
2026-06-06 15:28:58,121 [INFO] PluginManage:310 - Check plugin memorymap
2026-06-06 15:28:58,130 [INFO] PluginManage:359 - Loaded plugin memorymap (category:base,tabindex:4)
2026-06-06 15:28:58,130 [INFO] PluginManage:310 - Check plugin pinoutandconfiguration
2026-06-06 15:28:58,138 [INFO] PluginManage:359 - Loaded plugin pinoutandconfiguration (category:base,tabindex:1)
2026-06-06 15:28:58,138 [INFO] PluginManage:310 - Check plugin pinoutconfig
2026-06-06 15:28:58,206 [WARN] SupportedApi:132 - Cannot load RTOS API schema: s4s-elt-must-match.1: The content of 'definitions' must match (annotation?, (simpleType | complexType)?, (unique | key | keyref)*)). A problem was found starting at: attribute.
2026-06-06 15:28:58,307 [INFO] PluginManage:359 - Loaded plugin pinoutconfig (category:base,tabindex:0)
2026-06-06 15:28:58,307 [INFO] PluginManage:310 - Check plugin power
2026-06-06 15:28:58,314 [INFO] PluginManage:359 - Loaded plugin power (category:power,tabindex:4)
2026-06-06 15:28:58,314 [INFO] PluginManage:310 - Check plugin projectmanager
2026-06-06 15:28:58,328 [INFO] PluginManage:359 - Loaded plugin projectmanager (category:projectmanager,tabindex:4)
2026-06-06 15:28:58,328 [INFO] PluginManage:310 - Check plugin rif
2026-06-06 15:28:58,335 [INFO] PluginManage:359 - Loaded plugin rif (category:base,tabindex:3)
2026-06-06 15:28:58,336 [INFO] PluginManage:310 - Check plugin thirdparty
2026-06-06 15:28:58,468 [INFO] PluginManage:359 - Loaded plugin thirdparty (category:base,tabindex:-1)
2026-06-06 15:28:58,468 [INFO] PluginManage:310 - Check plugin tools
2026-06-06 15:28:58,468 [WARN] IntegrityCheckThread:84 - waiting for thirdparty lock release [integrity check]
2026-06-06 15:28:58,468 [INFO] IntegrityCheckThread:86 - entering critical section [integrity check]
2026-06-06 15:28:58,468 [INFO] ThirdPartyUpdaterWithRetryManager:70 - Updater plugin not ready yet. [1/15]
2026-06-06 15:28:58,470 [INFO] PluginManage:359 - Loaded plugin tools (category:base,tabindex:7)
2026-06-06 15:28:58,471 [INFO] PluginManage:310 - Check plugin tutovideos
2026-06-06 15:28:58,652 [INFO] PluginManage:359 - Loaded plugin tutovideos (category:base,tabindex:-1)
2026-06-06 15:28:58,652 [INFO] PluginManage:310 - Check plugin updater
2026-06-06 15:28:58,676 [INFO] PluginManage:359 - Loaded plugin updater (category:base,tabindex:12)
2026-06-06 15:28:58,676 [INFO] PluginManage:310 - Check plugin userauth
2026-06-06 15:28:58,679 [INFO] UserAuth:118 - Init User Auth plugin
2026-06-06 15:28:58,679 [INFO] PluginManage:359 - Loaded plugin userauth (category:base,tabindex:14)
2026-06-06 15:28:58,680 [INFO] PluginManage:283 - PluginManage : Loaded plugins [18]
2026-06-06 15:28:58,900 [INFO] PinOutPanel:1589 - setPackage(No Configuration,No Configuration)
2026-06-06 15:28:58,989 [INFO] CADModel:165 - CPN selected for project level
2026-06-06 15:28:58,989 [INFO] CADModel:114 - Register for checkConnection events
2026-06-06 15:28:59,007 [INFO] IPUIPlugin:80 - create IPUIPlugin
2026-06-06 15:28:59,007 [INFO] PluginManager:220 - loadIPPluginJar : add adc
2026-06-06 15:28:59,010 [INFO] IPUIPlugin:80 - create IPUIPlugin
2026-06-06 15:28:59,010 [INFO] PluginManager:220 - loadIPPluginJar : add aes
2026-06-06 15:28:59,014 [INFO] IPUIPlugin:80 - create IPUIPlugin
2026-06-06 15:28:59,014 [INFO] PluginManager:220 - loadIPPluginJar : add can
2026-06-06 15:28:59,016 [INFO] IPUIPlugin:80 - create IPUIPlugin
2026-06-06 15:28:59,016 [INFO] PluginManager:220 - loadIPPluginJar : add comp
2026-06-06 15:28:59,065 [INFO] IPUIPlugin:80 - create IPUIPlugin
2026-06-06 15:28:59,065 [INFO] PluginManager:220 - loadIPPluginJar : add cryp
2026-06-06 15:28:59,079 [INFO] IPUIPlugin:80 - create IPUIPlugin
2026-06-06 15:28:59,079 [INFO] PluginManager:220 - loadIPPluginJar : add ddr_ctrl_phy
2026-06-06 15:28:59,084 [INFO] IPUIPlugin:80 - create IPUIPlugin
2026-06-06 15:28:59,084 [INFO] PluginManager:220 - loadIPPluginJar : add dfsdm
2026-06-06 15:28:59,100 [INFO] IPUIPlugin:80 - create IPUIPlugin
2026-06-06 15:28:59,101 [INFO] PluginManager:220 - loadIPPluginJar : add dma
2026-06-06 15:28:59,157 [INFO] IPUIPlugin:80 - create IPUIPlugin
2026-06-06 15:28:59,157 [INFO] PluginManager:220 - loadIPPluginJar : add dma3
2026-06-06 15:28:59,221 [INFO] IPUIPlugin:80 - create IPUIPlugin
2026-06-06 15:28:59,221 [INFO] PluginManager:220 - loadIPPluginJar : add extmemmanager
2026-06-06 15:28:59,223 [INFO] IPUIPlugin:80 - create IPUIPlugin
2026-06-06 15:28:59,223 [INFO] PluginManager:220 - loadIPPluginJar : add fatfs
2026-06-06 15:28:59,283 [INFO] IPUIPlugin:80 - create IPUIPlugin
2026-06-06 15:28:59,283 [INFO] PluginManager:220 - loadIPPluginJar : add fmc
2026-06-06 15:28:59,299 [INFO] IPUIPlugin:80 - create IPUIPlugin
2026-06-06 15:28:59,299 [INFO] PluginManager:220 - loadIPPluginJar : add freertos
2026-06-06 15:28:59,325 [INFO] IPUIPlugin:80 - create IPUIPlugin
2026-06-06 15:28:59,326 [INFO] PluginManager:220 - loadIPPluginJar : add genericplugin
2026-06-06 15:28:59,441 [INFO] IPUIPlugin:80 - create IPUIPlugin
2026-06-06 15:28:59,441 [INFO] PluginManager:220 - loadIPPluginJar : add gfxmmu
2026-06-06 15:28:59,604 [INFO] IPUIPlugin:80 - create IPUIPlugin
2026-06-06 15:28:59,604 [INFO] PluginManager:220 - loadIPPluginJar : add gic
2026-06-06 15:28:59,618 [INFO] IPUIPlugin:80 - create IPUIPlugin
2026-06-06 15:28:59,619 [INFO] PluginManager:220 - loadIPPluginJar : add gpio
2026-06-06 15:28:59,735 [INFO] IPUIPlugin:80 - create IPUIPlugin
2026-06-06 15:28:59,735 [INFO] PluginManager:220 - loadIPPluginJar : add gtzc
2026-06-06 15:28:59,780 [INFO] IPUIPlugin:80 - create IPUIPlugin
2026-06-06 15:28:59,780 [INFO] PluginManager:220 - loadIPPluginJar : add hash
2026-06-06 15:28:59,852 [INFO] IPUIPlugin:80 - create IPUIPlugin
2026-06-06 15:28:59,853 [INFO] PluginManager:220 - loadIPPluginJar : add i2c
2026-06-06 15:28:59,906 [INFO] IPUIPlugin:80 - create IPUIPlugin
2026-06-06 15:28:59,906 [INFO] PluginManager:220 - loadIPPluginJar : add i2s
2026-06-06 15:28:59,957 [INFO] IPUIPlugin:80 - create IPUIPlugin
2026-06-06 15:28:59,957 [INFO] PluginManager:220 - loadIPPluginJar : add i3c
2026-06-06 15:29:00,086 [INFO] IPUIPlugin:80 - create IPUIPlugin
2026-06-06 15:29:00,086 [INFO] PluginManager:220 - loadIPPluginJar : add ipddr
2026-06-06 15:29:00,196 [INFO] IPUIPlugin:80 - create IPUIPlugin
2026-06-06 15:29:00,196 [INFO] PluginManager:220 - loadIPPluginJar : add linkedlist
2026-06-06 15:29:00,240 [INFO] IPUIPlugin:80 - create IPUIPlugin
2026-06-06 15:29:00,240 [INFO] PluginManager:220 - loadIPPluginJar : add lorawan
2026-06-06 15:29:00,286 [INFO] IPUIPlugin:80 - create IPUIPlugin
2026-06-06 15:29:00,286 [INFO] PluginManager:220 - loadIPPluginJar : add ltdc
2026-06-06 15:29:00,302 [INFO] IPUIPlugin:80 - create IPUIPlugin
2026-06-06 15:29:00,302 [INFO] PluginManager:220 - loadIPPluginJar : add mdma
2026-06-06 15:29:00,315 [INFO] IPUIPlugin:80 - create IPUIPlugin
2026-06-06 15:29:00,315 [INFO] PluginManager:220 - loadIPPluginJar : add nvic
2026-06-06 15:29:00,359 [INFO] IPUIPlugin:80 - create IPUIPlugin
2026-06-06 15:29:00,359 [INFO] PluginManager:220 - loadIPPluginJar : add opamp
2026-06-06 15:29:00,435 [INFO] IPUIPlugin:80 - create IPUIPlugin
2026-06-06 15:29:00,435 [INFO] PluginManager:220 - loadIPPluginJar : add openamp
2026-06-06 15:29:00,503 [INFO] IPUIPlugin:80 - create IPUIPlugin
2026-06-06 15:29:00,503 [INFO] PluginManager:220 - loadIPPluginJar : add pdm2pcm
2026-06-06 15:29:00,520 [INFO] IPUIPlugin:80 - create IPUIPlugin
2026-06-06 15:29:00,522 [INFO] PluginManager:220 - loadIPPluginJar : add plateformsettings
2026-06-06 15:29:00,560 [INFO] IPUIPlugin:80 - create IPUIPlugin
2026-06-06 15:29:00,560 [INFO] PluginManager:220 - loadIPPluginJar : add quadspi
2026-06-06 15:29:00,607 [INFO] IPUIPlugin:80 - create IPUIPlugin
2026-06-06 15:29:00,608 [INFO] PluginManager:220 - loadIPPluginJar : add radio
2026-06-06 15:29:00,629 [INFO] IPUIPlugin:80 - create IPUIPlugin
2026-06-06 15:29:00,630 [INFO] PluginManager:220 - loadIPPluginJar : add resmgrutility
2026-06-06 15:29:00,715 [INFO] IPUIPlugin:80 - create IPUIPlugin
2026-06-06 15:29:00,715 [INFO] PluginManager:220 - loadIPPluginJar : add sai
2026-06-06 15:29:00,784 [INFO] IPUIPlugin:80 - create IPUIPlugin
2026-06-06 15:29:00,784 [INFO] PluginManager:220 - loadIPPluginJar : add spi
2026-06-06 15:29:00,960 [INFO] IPUIPlugin:80 - create IPUIPlugin
2026-06-06 15:29:00,961 [INFO] PluginManager:220 - loadIPPluginJar : add stm32_wpan
2026-06-06 15:29:01,016 [INFO] IPUIPlugin:80 - create IPUIPlugin
2026-06-06 15:29:01,017 [INFO] PluginManager:220 - loadIPPluginJar : add tim
2026-06-06 15:29:01,158 [INFO] IPUIPlugin:80 - create IPUIPlugin
2026-06-06 15:29:01,158 [INFO] PluginManager:220 - loadIPPluginJar : add touchsensing
2026-06-06 15:29:01,205 [INFO] IPUIPlugin:80 - create IPUIPlugin
2026-06-06 15:29:01,205 [INFO] PluginManager:220 - loadIPPluginJar : add tracer_emb
2026-06-06 15:29:01,249 [INFO] IPUIPlugin:80 - create IPUIPlugin
2026-06-06 15:29:01,249 [INFO] PluginManager:220 - loadIPPluginJar : add ts
2026-06-06 15:29:01,283 [INFO] IPUIPlugin:80 - create IPUIPlugin
2026-06-06 15:29:01,283 [INFO] PluginManager:220 - loadIPPluginJar : add tsc
2026-06-06 15:29:01,286 [INFO] IPUIPlugin:80 - create IPUIPlugin
2026-06-06 15:29:01,286 [INFO] PluginManager:220 - loadIPPluginJar : add ucpd
2026-06-06 15:29:01,369 [INFO] IPUIPlugin:80 - create IPUIPlugin
2026-06-06 15:29:01,369 [INFO] PluginManager:220 - loadIPPluginJar : add usart
2026-06-06 15:29:01,452 [INFO] IPUIPlugin:80 - create IPUIPlugin
2026-06-06 15:29:01,452 [INFO] PluginManager:220 - loadIPPluginJar : add usbx
2026-06-06 15:29:01,470 [INFO] ThirdPartyUpdaterWithRetryManager:70 - Updater plugin not ready yet. [2/15]
2026-06-06 16:46:30,512 [INFO] Activator:176 - 


2026-06-06 16:46:30,514 [INFO] Activator:177 - !SESSION log4j initialized
2026-06-06 16:46:33,910 [INFO] LogOutputStream:77 - [STDOUT_REDIRECT] 
2026-06-06 16:46:36,325 [INFO] ApplicationProperties:184 - Using Application install path: C:\ST\STM32CubeIDE_1.19.0\STM32CubeIDE\plugins\com.st.stm32cube.common.mx_6.15.0.202507011659
2026-06-06 16:46:36,342 [INFO] DbMcusXml:78 - Set database path to: C:\ST\STM32CubeIDE_1.19.0\STM32CubeIDE\plugins\com.st.stm32cube.common.mx_6.15.0.202507011659\\db\/mcu/
2026-06-06 16:46:36,342 [INFO] ApiDb:274 - Set plugin database path to: C:\ST\STM32CubeIDE_1.19.0\STM32CubeIDE\plugins\com.st.stm32cube.common.mx_6.15.0.202507011659\\db\/plugins/boardmanager/
2026-06-06 16:46:36,342 [WARN] ApiDb:259 - Overriding images path with different value:  => C:\ST\STM32CubeIDE_1.19.0\STM32CubeIDE\plugins\com.st.stm32cube.common.mx_6.15.0.202507011659\\db\/plugins/mcufinder/images/
2026-06-06 16:46:36,351 [INFO] ApiDb:250 - Set database path to: C:\Users\audou\.stmcufinder\plugins\mcufinder//mcu/
2026-06-06 16:46:36,352 [INFO] DbMcusAds:125 - Set database path to: C:\Users\audou\.stmcufinder\plugins\mcufinder//mcu/
2026-06-06 16:46:36,353 [INFO] CrossReferenceDbSqlite:203 - Set database path to: C:\Users\audou\.stmcufinder\plugins\mcufinder//mcu/cs/
2026-06-06 16:46:36,504 [INFO] RulesReader:64 - Compatibility file has been processed (317 Rules)
2026-06-06 16:46:36,638 [INFO] DbMcusXml:78 - Set database path to: C:\ST\STM32CubeIDE_1.19.0\STM32CubeIDE\plugins\com.st.stm32cube.common.mx_6.15.0.202507011659\\db\/mcu/
2026-06-06 16:46:36,638 [INFO] ApiDb:274 - Set plugin database path to: C:\ST\STM32CubeIDE_1.19.0\STM32CubeIDE\plugins\com.st.stm32cube.common.mx_6.15.0.202507011659\\db\/plugins/boardmanager/
2026-06-06 16:46:36,638 [INFO] ApiDb:261 - Set plugin images path to: C:\ST\STM32CubeIDE_1.19.0\STM32CubeIDE\plugins\com.st.stm32cube.common.mx_6.15.0.202507011659\\db\/plugins/mcufinder/images/
2026-06-06 16:46:36,638 [WARN] DbFile:41 - Overriding database path with different value: C:\Users\audou\.stmcufinder\plugins\mcufinder/ => C:\Users\audou\.stmcufinder\plugins\mcufinder
2026-06-06 16:46:36,638 [INFO] ApiDb:250 - Set database path to: C:\Users\audou\.stmcufinder\plugins\mcufinder//mcu/
2026-06-06 16:46:36,639 [WARN] DbFile:41 - Overriding database path with different value: C:\Users\audou\.stmcufinder\plugins\mcufinder/ => C:\Users\audou\.stmcufinder\plugins\mcufinder
2026-06-06 16:46:36,639 [INFO] DbMcusAds:125 - Set database path to: C:\Users\audou\.stmcufinder\plugins\mcufinder//mcu/
2026-06-06 16:46:36,639 [WARN] DbFile:41 - Overriding database path with different value: C:\Users\audou\.stmcufinder\plugins\mcufinder/ => C:\Users\audou\.stmcufinder\plugins\mcufinder
2026-06-06 16:46:36,639 [WARN] DbFile:41 - Overriding database path with different value: C:\Users\audou\.stmcufinder\plugins\mcufinder/ => C:\Users\audou\.stmcufinder\plugins\mcufinder
2026-06-06 16:46:36,639 [INFO] CrossReferenceDbSqlite:203 - Set database path to: C:\Users\audou\.stmcufinder\plugins\mcufinder//mcu/cs/
2026-06-06 16:46:36,766 [INFO] MainPanel:274 - HeapMemory: 268435456
2026-06-06 16:46:36,956 [INFO] DbMcusXml:78 - Set database path to: C:\ST\STM32CubeIDE_1.19.0\STM32CubeIDE\plugins\com.st.stm32cube.common.mx_6.15.0.202507011659\\db\/mcu/
2026-06-06 16:46:36,958 [INFO] ApiDb:274 - Set plugin database path to: C:\ST\STM32CubeIDE_1.19.0\STM32CubeIDE\plugins\com.st.stm32cube.common.mx_6.15.0.202507011659\\db\/plugins/boardmanager/
2026-06-06 16:46:36,958 [INFO] ApiDb:261 - Set plugin images path to: C:\ST\STM32CubeIDE_1.19.0\STM32CubeIDE\plugins\com.st.stm32cube.common.mx_6.15.0.202507011659\\db\/plugins/mcufinder/images/
2026-06-06 16:46:36,960 [WARN] DbFile:41 - Overriding database path with different value: C:\Users\audou\.stmcufinder\plugins\mcufinder/ => C:\Users\audou\.stmcufinder\plugins\mcufinder
2026-06-06 16:46:36,961 [INFO] ApiDb:250 - Set database path to: C:\Users\audou\.stmcufinder\plugins\mcufinder//mcu/
2026-06-06 16:46:36,961 [WARN] DbFile:41 - Overriding database path with different value: C:\Users\audou\.stmcufinder\plugins\mcufinder/ => C:\Users\audou\.stmcufinder\plugins\mcufinder
2026-06-06 16:46:36,961 [INFO] DbMcusAds:125 - Set database path to: C:\Users\audou\.stmcufinder\plugins\mcufinder//mcu/
2026-06-06 16:46:36,961 [WARN] DbFile:41 - Overriding database path with different value: C:\Users\audou\.stmcufinder\plugins\mcufinder/ => C:\Users\audou\.stmcufinder\plugins\mcufinder
2026-06-06 16:46:36,961 [WARN] DbFile:41 - Overriding database path with different value: C:\Users\audou\.stmcufinder\plugins\mcufinder/ => C:\Users\audou\.stmcufinder\plugins\mcufinder
2026-06-06 16:46:36,962 [INFO] CrossReferenceDbSqlite:203 - Set database path to: C:\Users\audou\.stmcufinder\plugins\mcufinder//mcu/cs/
2026-06-06 16:46:36,995 [INFO] ApplicationProperties:184 - Using Application install path: C:\ST\STM32CubeIDE_1.19.0\STM32CubeIDE\plugins\com.st.stm32cube.common.mx_6.15.0.202507011659
2026-06-06 16:46:36,998 [INFO] PluginManage:196 - Search for loadable plugins [exclusion list=, ]
2026-06-06 16:46:37,000 [INFO] PluginManage:310 - Check plugin analytics
2026-06-06 16:46:37,317 [INFO] AnalyticsPlugin:253 - Accepted Software Licenses: 
2026-06-06 16:46:37,318 [INFO] AnalyticsPlugin:255 - Accepted CMSIS Pack Licenses: 
2026-06-06 16:46:37,318 [INFO] AnalyticsPlugin:257 - Accepted Firmware Licenses: 
2026-06-06 16:46:37,320 [INFO] PluginManage:359 - Loaded plugin analytics (category:tool,tabindex:-1)
2026-06-06 16:46:37,320 [INFO] PluginManage:310 - Check plugin cadmodel
2026-06-06 16:46:37,326 [INFO] CADModel:105 - Init CAD model plugin
2026-06-06 16:46:37,326 [INFO] PluginManage:359 - Loaded plugin cadmodel (category:power,tabindex:5)
2026-06-06 16:46:37,328 [INFO] PluginManage:310 - Check plugin clock
2026-06-06 16:46:37,337 [INFO] PluginManage:359 - Loaded plugin clock (category:base,tabindex:2)
2026-06-06 16:46:37,337 [INFO] PluginManage:310 - Check plugin ddr
2026-06-06 16:46:37,339 [INFO] PluginManage:359 - Loaded plugin ddr (category:tool,tabindex:6)
2026-06-06 16:46:37,339 [INFO] PluginManage:310 - Check plugin filemanager
2026-06-06 16:46:37,509 [INFO] PluginManage:359 - Loaded plugin filemanager (category:base,tabindex:10)
2026-06-06 16:46:37,509 [INFO] PluginManage:310 - Check plugin ipmanager
2026-06-06 16:46:37,520 [INFO] PluginManage:359 - Loaded plugin ipmanager (category:base,tabindex:5)
2026-06-06 16:46:37,520 [INFO] PluginManage:310 - Check plugin lpbam
2026-06-06 16:46:37,530 [INFO] PluginManage:359 - Loaded plugin lpbam (category:base,tabindex:0)
2026-06-06 16:46:37,530 [INFO] PluginManage:310 - Check plugin memorymap
2026-06-06 16:46:37,547 [INFO] PluginManage:359 - Loaded plugin memorymap (category:base,tabindex:4)
2026-06-06 16:46:37,547 [INFO] PluginManage:310 - Check plugin pinoutandconfiguration
2026-06-06 16:46:37,556 [INFO] PluginManage:359 - Loaded plugin pinoutandconfiguration (category:base,tabindex:1)
2026-06-06 16:46:37,557 [INFO] PluginManage:310 - Check plugin pinoutconfig
